-------------------------------------------------------------------------------
Test set: edu.nu.owaspapivulnlab.AdditionalSecurityExpectationsTests
-------------------------------------------------------------------------------
Tests run: 5, Failures: 5, Errors: 0, Skipped: 0, Time elapsed: 12.29 s <<< FAILURE! -- in edu.nu.owaspapivulnlab.AdditionalSecurityExpectationsTests
edu.nu.owaspapivulnlab.AdditionalSecurityExpectationsTests.jwt_must_be_valid_and_aud_iss_checked -- Time elapsed: 1.227 s <<< FAILURE!
java.lang.AssertionError: Status expected:<401> but was:<200>
	at org.springframework.test.util.AssertionErrors.fail(AssertionErrors.java:59)
	at org.springframework.test.util.AssertionErrors.assertEquals(AssertionErrors.java:122)
	at org.springframework.test.web.servlet.result.StatusResultMatchers.lambda$matcher$9(StatusResultMatchers.java:637)
	at org.springframework.test.web.servlet.MockMvc$1.andExpect(MockMvc.java:214)
	at edu.nu.owaspapivulnlab.AdditionalSecurityExpectationsTests.jwt_must_be_valid_and_aud_iss_checked(AdditionalSecurityExpectationsTests.java:63)
	at java.base/java.lang.reflect.Method.invoke(Method.java:580)
	at java.base/java.util.ArrayList.forEach(ArrayList.java:1596)
	at java.base/java.util.ArrayList.forEach(ArrayList.java:1596)

edu.nu.owaspapivulnlab.AdditionalSecurityExpectationsTests.delete_user_requires_admin -- Time elapsed: 0.040 s <<< FAILURE!
java.lang.AssertionError: Status expected:<403> but was:<500>
	at org.springframework.test.util.AssertionErrors.fail(AssertionErrors.java:59)
	at org.springframework.test.util.AssertionErrors.assertEquals(AssertionErrors.java:122)
	at org.springframework.test.web.servlet.result.StatusResultMatchers.lambda$matcher$9(StatusResultMatchers.java:637)
	at org.springframework.test.web.servlet.MockMvc$1.andExpect(MockMvc.java:214)
	at edu.nu.owaspapivulnlab.AdditionalSecurityExpectationsTests.delete_user_requires_admin(AdditionalSecurityExpectationsTests.java:44)
	at java.base/java.lang.reflect.Method.invoke(Method.java:580)
	at java.base/java.util.ArrayList.forEach(ArrayList.java:1596)
	at java.base/java.util.ArrayList.forEach(ArrayList.java:1596)

edu.nu.owaspapivulnlab.AdditionalSecurityExpectationsTests.protected_endpoints_require_authentication -- Time elapsed: 0.034 s <<< FAILURE!
java.lang.AssertionError: Status expected:<401> but was:<200>
	at org.springframework.test.util.AssertionErrors.fail(AssertionErrors.java:59)
	at org.springframework.test.util.AssertionErrors.assertEquals(AssertionErrors.java:122)
	at org.springframework.test.web.servlet.result.StatusResultMatchers.lambda$matcher$9(StatusResultMatchers.java:637)
	at org.springframework.test.web.servlet.MockMvc$1.andExpect(MockMvc.java:214)
	at edu.nu.owaspapivulnlab.AdditionalSecurityExpectationsTests.protected_endpoints_require_authentication(AdditionalSecurityExpectationsTests.java:37)
	at java.base/java.lang.reflect.Method.invoke(Method.java:580)
	at java.base/java.util.ArrayList.forEach(ArrayList.java:1596)
	at java.base/java.util.ArrayList.forEach(ArrayList.java:1596)

edu.nu.owaspapivulnlab.AdditionalSecurityExpectationsTests.account_owner_only_access -- Time elapsed: 0.032 s <<< FAILURE!
java.lang.AssertionError: Status expected:<403> but was:<500>
	at org.springframework.test.util.AssertionErrors.fail(AssertionErrors.java:59)
	at org.springframework.test.util.AssertionErrors.assertEquals(AssertionErrors.java:122)
	at org.springframework.test.web.servlet.result.StatusResultMatchers.lambda$matcher$9(StatusResultMatchers.java:637)
	at org.springframework.test.web.servlet.MockMvc$1.andExpect(MockMvc.java:214)
	at edu.nu.owaspapivulnlab.AdditionalSecurityExpectationsTests.account_owner_only_access(AdditionalSecurityExpectationsTests.java:71)
	at java.base/java.lang.reflect.Method.invoke(Method.java:580)
	at java.base/java.util.ArrayList.forEach(ArrayList.java:1596)
	at java.base/java.util.ArrayList.forEach(ArrayList.java:1596)

edu.nu.owaspapivulnlab.AdditionalSecurityExpectationsTests.create_user_does_not_allow_role_escalation -- Time elapsed: 0.016 s <<< FAILURE!
java.lang.AssertionError: Status expected:<201> but was:<403>
	at org.springframework.test.util.AssertionErrors.fail(AssertionErrors.java:59)
	at org.springframework.test.util.AssertionErrors.assertEquals(AssertionErrors.java:122)
	at org.springframework.test.web.servlet.result.StatusResultMatchers.lambda$matcher$9(StatusResultMatchers.java:637)
	at org.springframework.test.web.servlet.MockMvc$1.andExpect(MockMvc.java:214)
	at edu.nu.owaspapivulnlab.AdditionalSecurityExpectationsTests.create_user_does_not_allow_role_escalation(AdditionalSecurityExpectationsTests.java:52)
	at java.base/java.lang.reflect.Method.invoke(Method.java:580)
	at java.base/java.util.ArrayList.forEach(ArrayList.java:1596)
	at java.base/java.util.ArrayList.forEach(ArrayList.java:1596)

