<?xml version="1.0" encoding="UTF-8"?>
<testsuite xmlns:xsi="http://www.w3.org/2001/XMLSchema-instance" xsi:noNamespaceSchemaLocation="https://maven.apache.org/surefire/maven-surefire-plugin/xsd/surefire-test-report-3.0.xsd" version="3.0" name="edu.nu.owaspapivulnlab.AdditionalSecurityExpectationsTests" time="12.292" tests="5" errors="0" skipped="0" failures="5">
  <properties>
[...]
</properties>
  <testcase name="jwt_must_be_valid_and_aud_iss_checked" classname="edu.nu.owaspapivulnlab.AdditionalSecurityExpectationsTests" time="1.227">
    <failure message="Status expected:&lt;401&gt; but was:&lt;200&gt;" type="java.lang.AssertionError"><![CDATA[java.lang.AssertionError: Status expected:<401> but was:<200>
	at org.springframework.test.util.AssertionErrors.fail(AssertionErrors.java:59)
	at org.springframework.test.util.AssertionErrors.assertEquals(AssertionErrors.java:122)
	at org.springframework.test.web.servlet.result.StatusResultMatchers.lambda$matcher$9(StatusResultMatchers.java:637)
	at org.springframework.test.web.servlet.MockMvc$1.andExpect(MockMvc.java:214)
	at edu.nu.owaspapivulnlab.AdditionalSecurityExpectationsTests.jwt_must_be_valid_and_aud_iss_checked(AdditionalSecurityExpectationsTests.java:63)
	at java.base/java.lang.reflect.Method.invoke(Method.java:580)
	at java.base/java.util.ArrayList.forEach(ArrayList.java:1596)
	at java.base/java.util.ArrayList.forEach(ArrayList.java:1596)
]]></failure>
    <system-out><![CDATA[16:10:24.780 [main] INFO org.springframework.test.context.support.AnnotationConfigContextLoaderUtils -- Could not detect default configuration classes for test class [edu.nu.owaspapivulnlab.AdditionalSecurityExpectationsTests]: AdditionalSecurityExpectationsTests does not declare any static, non-private, non-final, nested classes annotated with @Configuration.
16:10:25.048 [main] INFO org.springframework.boot.test.context.SpringBootTestContextBootstrapper -- Found @SpringBootConfiguration edu.nu.owaspapivulnlab.OwaspApiVulnLabApplication for test class edu.nu.owaspapivulnlab.AdditionalSecurityExpectationsTests

  .   ____          _            __ _ _
 /\\ / ___'_ __ _ _(_)_ __  __ _ \ \ \ \
( ( )\___ | '_ | '_| | '_ \/ _` | \ \ \ \
 \\/  ___)| |_)| | | | | || (_| |  ) ) ) )
  '  |____| .__|_| |_|_| |_\__, | / / / /
 =========|_|==============|___/=/_/_/_/

 :: Spring Boot ::                (v3.3.4)

2026-03-22T16:10:25.897+01:00  INFO 10356 --- [           main] .n.o.AdditionalSecurityExpectationsTests : Starting AdditionalSecurityExpectationsTests using Java 21.0.3 with PID 10356 (started by valon in C:\Users\valon\Documents\Algebra\Road to mag.ing.comp\Semestar 8\Pisanje sigurnog koda\SSD-A3)
2026-03-22T16:10:25.900+01:00  INFO 10356 --- [           main] .n.o.AdditionalSecurityExpectationsTests : No active profile set, falling back to 1 default profile: "default"
2026-03-22T16:10:27.524+01:00  INFO 10356 --- [           main] .s.d.r.c.RepositoryConfigurationDelegate : Bootstrapping Spring Data JPA repositories in DEFAULT mode.
2026-03-22T16:10:27.670+01:00  INFO 10356 --- [           main] .s.d.r.c.RepositoryConfigurationDelegate : Finished Spring Data repository scanning in 126 ms. Found 2 JPA repository interfaces.
2026-03-22T16:10:28.757+01:00  INFO 10356 --- [           main] o.hibernate.jpa.internal.util.LogHelper  : HHH000204: Processing PersistenceUnitInfo [name: default]
2026-03-22T16:10:28.946+01:00  INFO 10356 --- [           main] org.hibernate.Version                    : HHH000412: Hibernate ORM core version 6.5.3.Final
2026-03-22T16:10:29.024+01:00  INFO 10356 --- [           main] o.h.c.internal.RegionFactoryInitiator    : HHH000026: Second-level cache disabled
2026-03-22T16:10:29.874+01:00  INFO 10356 --- [           main] o.s.o.j.p.SpringPersistenceUnitInfo      : No LoadTimeWeaver setup: ignoring JPA class transformer
2026-03-22T16:10:29.937+01:00  INFO 10356 --- [           main] com.zaxxer.hikari.HikariDataSource       : HikariPool-1 - Starting...
2026-03-22T16:10:30.257+01:00  INFO 10356 --- [           main] com.zaxxer.hikari.pool.HikariPool        : HikariPool-1 - Added connection conn0: url=jdbc:h2:mem:apilab user=SA
2026-03-22T16:10:30.259+01:00  INFO 10356 --- [           main] com.zaxxer.hikari.HikariDataSource       : HikariPool-1 - Start completed.
2026-03-22T16:10:31.768+01:00  INFO 10356 --- [           main] o.h.e.t.j.p.i.JtaPlatformInitiator       : HHH000489: No JTA platform available (set 'hibernate.transaction.jta.platform' to enable JTA platform integration)
2026-03-22T16:10:31.874+01:00  INFO 10356 --- [           main] j.LocalContainerEntityManagerFactoryBean : Initialized JPA EntityManagerFactory for persistence unit 'default'
2026-03-22T16:10:32.640+01:00  INFO 10356 --- [           main] o.s.d.j.r.query.QueryEnhancerFactory     : Hibernate is in classpath; If applicable, HQL parser will be used.
2026-03-22T16:10:33.379+01:00  WARN 10356 --- [           main] JpaBaseConfiguration$JpaWebConfiguration : spring.jpa.open-in-view is enabled by default. Therefore, database queries may be performed during view rendering. Explicitly configure spring.jpa.open-in-view to disable this warning
2026-03-22T16:10:33.466+01:00  WARN 10356 --- [           main] .s.s.UserDetailsServiceAutoConfiguration : 

Using generated security password: 946d32dd-b623-4356-b504-104185895ffe

This generated password is for development use only. Your security configuration must be updated before running your application in production.

2026-03-22T16:10:33.525+01:00  INFO 10356 --- [           main] r$InitializeUserDetailsManagerConfigurer : Global AuthenticationManager configured with UserDetailsService bean with name inMemoryUserDetailsManager
2026-03-22T16:10:34.719+01:00  INFO 10356 --- [           main] o.s.b.a.h2.H2ConsoleAutoConfiguration    : H2 console available at '/h2-console'. Database available at 'jdbc:h2:mem:apilab'
2026-03-22T16:10:34.890+01:00  INFO 10356 --- [           main] o.s.b.t.m.w.SpringBootMockServletContext : Initializing Spring TestDispatcherServlet ''
2026-03-22T16:10:34.890+01:00  INFO 10356 --- [           main] o.s.t.web.servlet.TestDispatcherServlet  : Initializing Servlet ''
2026-03-22T16:10:34.893+01:00  INFO 10356 --- [           main] o.s.t.web.servlet.TestDispatcherServlet  : Completed initialization in 3 ms
2026-03-22T16:10:34.924+01:00  INFO 10356 --- [           main] .n.o.AdditionalSecurityExpectationsTests : Started AdditionalSecurityExpectationsTests in 9.535 seconds (process running for 11.808)

MockHttpServletRequest:
      HTTP Method = POST
      Request URI = /api/auth/login
       Parameters = {}
          Headers = [Content-Type:"application/json;charset=UTF-8", Content-Length:"42"]
             Body = {"username":"alice","password":"alice123"}
    Session Attrs = {}

Handler:
             Type = edu.nu.owaspapivulnlab.web.AuthController
           Method = edu.nu.owaspapivulnlab.web.AuthController#login(LoginReq)

Async:
    Async started = false
     Async result = null

Resolved Exception:
             Type = null

ModelAndView:
        View name = null
             View = null
            Model = null

FlashMap:
       Attributes = null

MockHttpServletResponse:
           Status = 200
    Error message = null
          Headers = [Content-Type:"application/json", X-Content-Type-Options:"nosniff", X-XSS-Protection:"0", Cache-Control:"no-cache, no-store, max-age=0, must-revalidate", Pragma:"no-cache", Expires:"0"]
     Content type = application/json
             Body = {"token":"eyJhbGciOiJIUzI1NiJ9.eyJzdWIiOiJhbGljZSIsInJvbGUiOiJVU0VSIiwiaXNBZG1pbiI6ZmFsc2UsImlhdCI6MTc3NDE5MjIzNiwiZXhwIjoxNzc2Nzg0MjM2fQ.7tLJOhQy8u56M-N6rnHcNVbbLlHY2o_atJRaqrfppaE"}
    Forwarded URL = null
   Redirected URL = null
          Cookies = []

MockHttpServletRequest:
      HTTP Method = GET
      Request URI = /api/accounts/mine
       Parameters = {}
          Headers = [Authorization:"Bearer eyJhbGciOiJIUzI1NiJ9.eyJzdWIiOiJhbGljZSIsInJvbGUiOiJVU0VSIiwiaXNBZG1pbiI6ZmFsc2UsImlhdCI6MTc3NDE5MjIzNiwiZXhwIjoxNzc2Nzg0MjM2fQ.7tLJOhQy8u56M-N6rnHcNVbbLlHY2o_atJRaqrfppaE"]
             Body = null
    Session Attrs = {}

Handler:
             Type = edu.nu.owaspapivulnlab.web.AccountController
           Method = edu.nu.owaspapivulnlab.web.AccountController#mine(Authentication)

Async:
    Async started = false
     Async result = null

Resolved Exception:
             Type = null

ModelAndView:
        View name = null
             View = null
            Model = null

FlashMap:
       Attributes = null

MockHttpServletResponse:
           Status = 200
    Error message = null
          Headers = [Content-Type:"application/json", X-Content-Type-Options:"nosniff", X-XSS-Protection:"0", Cache-Control:"no-cache, no-store, max-age=0, must-revalidate", Pragma:"no-cache", Expires:"0"]
     Content type = application/json
             Body = [{"id":1,"ownerUserId":1,"iban":"PK00-ALICE","balance":1000.0}]
    Forwarded URL = null
   Redirected URL = null
          Cookies = []
]]></system-out>
    <system-err><![CDATA[WARNING: A Java agent has been loaded dynamically (C:\Users\valon\.m2\repository\net\bytebuddy\byte-buddy-agent\1.14.19\byte-buddy-agent-1.14.19.jar)
WARNING: If a serviceability tool is in use, please run with -XX:+EnableDynamicAgentLoading to hide this warning
WARNING: If a serviceability tool is not in use, please run with -Djdk.instrument.traceUsage for more information
WARNING: Dynamic loading of agents will be disallowed by default in a future release
]]></system-err>
  </testcase>
  <testcase name="delete_user_requires_admin" classname="edu.nu.owaspapivulnlab.AdditionalSecurityExpectationsTests" time="0.04">
    <failure message="Status expected:&lt;403&gt; but was:&lt;500&gt;" type="java.lang.AssertionError"><![CDATA[java.lang.AssertionError: Status expected:<403> but was:<500>
	at org.springframework.test.util.AssertionErrors.fail(AssertionErrors.java:59)
	at org.springframework.test.util.AssertionErrors.assertEquals(AssertionErrors.java:122)
	at org.springframework.test.web.servlet.result.StatusResultMatchers.lambda$matcher$9(StatusResultMatchers.java:637)
	at org.springframework.test.web.servlet.MockMvc$1.andExpect(MockMvc.java:214)
	at edu.nu.owaspapivulnlab.AdditionalSecurityExpectationsTests.delete_user_requires_admin(AdditionalSecurityExpectationsTests.java:44)
	at java.base/java.lang.reflect.Method.invoke(Method.java:580)
	at java.base/java.util.ArrayList.forEach(ArrayList.java:1596)
	at java.base/java.util.ArrayList.forEach(ArrayList.java:1596)
]]></failure>
    <system-out><![CDATA[
MockHttpServletRequest:
      HTTP Method = POST
      Request URI = /api/auth/login
       Parameters = {}
          Headers = [Content-Type:"application/json;charset=UTF-8", Content-Length:"42"]
             Body = {"username":"alice","password":"alice123"}
    Session Attrs = {}

Handler:
             Type = edu.nu.owaspapivulnlab.web.AuthController
           Method = edu.nu.owaspapivulnlab.web.AuthController#login(LoginReq)

Async:
    Async started = false
     Async result = null

Resolved Exception:
             Type = null

ModelAndView:
        View name = null
             View = null
            Model = null

FlashMap:
       Attributes = null

MockHttpServletResponse:
           Status = 200
    Error message = null
          Headers = [Content-Type:"application/json", X-Content-Type-Options:"nosniff", X-XSS-Protection:"0", Cache-Control:"no-cache, no-store, max-age=0, must-revalidate", Pragma:"no-cache", Expires:"0"]
     Content type = application/json
             Body = {"token":"eyJhbGciOiJIUzI1NiJ9.eyJzdWIiOiJhbGljZSIsInJvbGUiOiJVU0VSIiwiaXNBZG1pbiI6ZmFsc2UsImlhdCI6MTc3NDE5MjIzNiwiZXhwIjoxNzc2Nzg0MjM2fQ.7tLJOhQy8u56M-N6rnHcNVbbLlHY2o_atJRaqrfppaE"}
    Forwarded URL = null
   Redirected URL = null
          Cookies = []

MockHttpServletRequest:
      HTTP Method = DELETE
      Request URI = /api/users/1
       Parameters = {}
          Headers = [Authorization:"Bearer eyJhbGciOiJIUzI1NiJ9.eyJzdWIiOiJhbGljZSIsInJvbGUiOiJVU0VSIiwiaXNBZG1pbiI6ZmFsc2UsImlhdCI6MTc3NDE5MjIzNiwiZXhwIjoxNzc2Nzg0MjM2fQ.7tLJOhQy8u56M-N6rnHcNVbbLlHY2o_atJRaqrfppaE"]
             Body = null
    Session Attrs = {}

Handler:
             Type = edu.nu.owaspapivulnlab.web.UserController
           Method = edu.nu.owaspapivulnlab.web.UserController#delete(Long)

Async:
    Async started = false
     Async result = null

Resolved Exception:
             Type = java.lang.IllegalArgumentException

ModelAndView:
        View name = null
             View = null
            Model = null

FlashMap:
       Attributes = null

MockHttpServletResponse:
           Status = 500
    Error message = null
          Headers = [Content-Type:"application/json", X-Content-Type-Options:"nosniff", X-XSS-Protection:"0", Cache-Control:"no-cache, no-store, max-age=0, must-revalidate", Pragma:"no-cache", Expires:"0"]
     Content type = application/json
             Body = {"error":"An internal server error occurred.","message":" General Error"}
    Forwarded URL = null
   Redirected URL = null
          Cookies = []
]]></system-out>
  </testcase>
  <testcase name="protected_endpoints_require_authentication" classname="edu.nu.owaspapivulnlab.AdditionalSecurityExpectationsTests" time="0.034">
    <failure message="Status expected:&lt;401&gt; but was:&lt;200&gt;" type="java.lang.AssertionError"><![CDATA[java.lang.AssertionError: Status expected:<401> but was:<200>
	at org.springframework.test.util.AssertionErrors.fail(AssertionErrors.java:59)
	at org.springframework.test.util.AssertionErrors.assertEquals(AssertionErrors.java:122)
	at org.springframework.test.web.servlet.result.StatusResultMatchers.lambda$matcher$9(StatusResultMatchers.java:637)
	at org.springframework.test.web.servlet.MockMvc$1.andExpect(MockMvc.java:214)
	at edu.nu.owaspapivulnlab.AdditionalSecurityExpectationsTests.protected_endpoints_require_authentication(AdditionalSecurityExpectationsTests.java:37)
	at java.base/java.lang.reflect.Method.invoke(Method.java:580)
	at java.base/java.util.ArrayList.forEach(ArrayList.java:1596)
	at java.base/java.util.ArrayList.forEach(ArrayList.java:1596)
]]></failure>
    <system-out><![CDATA[
MockHttpServletRequest:
      HTTP Method = GET
      Request URI = /api/users
       Parameters = {}
          Headers = []
             Body = null
    Session Attrs = {}

Handler:
             Type = edu.nu.owaspapivulnlab.web.UserController
           Method = edu.nu.owaspapivulnlab.web.UserController#list()

Async:
    Async started = false
     Async result = null

Resolved Exception:
             Type = null

ModelAndView:
        View name = null
             View = null
            Model = null

FlashMap:
       Attributes = null

MockHttpServletResponse:
           Status = 200
    Error message = null
          Headers = [Content-Type:"application/json", X-Content-Type-Options:"nosniff", X-XSS-Protection:"0", Cache-Control:"no-cache, no-store, max-age=0, must-revalidate", Pragma:"no-cache", Expires:"0"]
     Content type = application/json
             Body = [{"id":1,"username":"alice","password":"alice123","role":"USER","email":"alice@cydea.tech","admin":false},{"id":2,"username":"bob","password":"bob123","role":"ADMIN","email":"bob@cydea.tech","admin":true}]
    Forwarded URL = null
   Redirected URL = null
          Cookies = []
]]></system-out>
  </testcase>
  <testcase name="account_owner_only_access" classname="edu.nu.owaspapivulnlab.AdditionalSecurityExpectationsTests" time="0.032">
    <failure message="Status expected:&lt;403&gt; but was:&lt;500&gt;" type="java.lang.AssertionError"><![CDATA[java.lang.AssertionError: Status expected:<403> but was:<500>
	at org.springframework.test.util.AssertionErrors.fail(AssertionErrors.java:59)
	at org.springframework.test.util.AssertionErrors.assertEquals(AssertionErrors.java:122)
	at org.springframework.test.web.servlet.result.StatusResultMatchers.lambda$matcher$9(StatusResultMatchers.java:637)
	at org.springframework.test.web.servlet.MockMvc$1.andExpect(MockMvc.java:214)
	at edu.nu.owaspapivulnlab.AdditionalSecurityExpectationsTests.account_owner_only_access(AdditionalSecurityExpectationsTests.java:71)
	at java.base/java.lang.reflect.Method.invoke(Method.java:580)
	at java.base/java.util.ArrayList.forEach(ArrayList.java:1596)
	at java.base/java.util.ArrayList.forEach(ArrayList.java:1596)
]]></failure>
    <system-out><![CDATA[
MockHttpServletRequest:
      HTTP Method = POST
      Request URI = /api/auth/login
       Parameters = {}
          Headers = [Content-Type:"application/json;charset=UTF-8", Content-Length:"42"]
             Body = {"username":"alice","password":"alice123"}
    Session Attrs = {}

Handler:
             Type = edu.nu.owaspapivulnlab.web.AuthController
           Method = edu.nu.owaspapivulnlab.web.AuthController#login(LoginReq)

Async:
    Async started = false
     Async result = null

Resolved Exception:
             Type = null

ModelAndView:
        View name = null
             View = null
            Model = null

FlashMap:
       Attributes = null

MockHttpServletResponse:
           Status = 200
    Error message = null
          Headers = [Content-Type:"application/json", X-Content-Type-Options:"nosniff", X-XSS-Protection:"0", Cache-Control:"no-cache, no-store, max-age=0, must-revalidate", Pragma:"no-cache", Expires:"0"]
     Content type = application/json
             Body = {"token":"eyJhbGciOiJIUzI1NiJ9.eyJzdWIiOiJhbGljZSIsInJvbGUiOiJVU0VSIiwiaXNBZG1pbiI6ZmFsc2UsImlhdCI6MTc3NDE5MjIzNiwiZXhwIjoxNzc2Nzg0MjM2fQ.7tLJOhQy8u56M-N6rnHcNVbbLlHY2o_atJRaqrfppaE"}
    Forwarded URL = null
   Redirected URL = null
          Cookies = []

MockHttpServletRequest:
      HTTP Method = GET
      Request URI = /api/accounts/2/balance
       Parameters = {}
          Headers = [Authorization:"Bearer eyJhbGciOiJIUzI1NiJ9.eyJzdWIiOiJhbGljZSIsInJvbGUiOiJVU0VSIiwiaXNBZG1pbiI6ZmFsc2UsImlhdCI6MTc3NDE5MjIzNiwiZXhwIjoxNzc2Nzg0MjM2fQ.7tLJOhQy8u56M-N6rnHcNVbbLlHY2o_atJRaqrfppaE"]
             Body = null
    Session Attrs = {}

Handler:
             Type = edu.nu.owaspapivulnlab.web.AccountController
           Method = edu.nu.owaspapivulnlab.web.AccountController#balance(Long)

Async:
    Async started = false
     Async result = null

Resolved Exception:
             Type = java.lang.IllegalArgumentException

ModelAndView:
        View name = null
             View = null
            Model = null

FlashMap:
       Attributes = null

MockHttpServletResponse:
           Status = 500
    Error message = null
          Headers = [Content-Type:"application/json", X-Content-Type-Options:"nosniff", X-XSS-Protection:"0", Cache-Control:"no-cache, no-store, max-age=0, must-revalidate", Pragma:"no-cache", Expires:"0"]
     Content type = application/json
             Body = {"error":"An internal server error occurred.","message":" General Error"}
    Forwarded URL = null
   Redirected URL = null
          Cookies = []
]]></system-out>
  </testcase>
  <testcase name="create_user_does_not_allow_role_escalation" classname="edu.nu.owaspapivulnlab.AdditionalSecurityExpectationsTests" time="0.016">
    <failure message="Status expected:&lt;201&gt; but was:&lt;403&gt;" type="java.lang.AssertionError"><![CDATA[java.lang.AssertionError: Status expected:<201> but was:<403>
	at org.springframework.test.util.AssertionErrors.fail(AssertionErrors.java:59)
	at org.springframework.test.util.AssertionErrors.assertEquals(AssertionErrors.java:122)
	at org.springframework.test.web.servlet.result.StatusResultMatchers.lambda$matcher$9(StatusResultMatchers.java:637)
	at org.springframework.test.web.servlet.MockMvc$1.andExpect(MockMvc.java:214)
	at edu.nu.owaspapivulnlab.AdditionalSecurityExpectationsTests.create_user_does_not_allow_role_escalation(AdditionalSecurityExpectationsTests.java:52)
	at java.base/java.lang.reflect.Method.invoke(Method.java:580)
	at java.base/java.util.ArrayList.forEach(ArrayList.java:1596)
	at java.base/java.util.ArrayList.forEach(ArrayList.java:1596)
]]></failure>
    <system-out><![CDATA[
MockHttpServletRequest:
      HTTP Method = POST
      Request URI = /api/users
       Parameters = {}
          Headers = [Content-Type:"application/json;charset=UTF-8", Content-Length:"80"]
             Body = {"username":"eve2","password":"pw","email":"e2@e","role":"ADMIN","isAdmin":true}
    Session Attrs = {}

Handler:
             Type = null

Async:
    Async started = false
     Async result = null

Resolved Exception:
             Type = null

ModelAndView:
        View name = null
             View = null
            Model = null

FlashMap:
       Attributes = null

MockHttpServletResponse:
           Status = 403
    Error message = Access Denied
          Headers = [X-Content-Type-Options:"nosniff", X-XSS-Protection:"0", Cache-Control:"no-cache, no-store, max-age=0, must-revalidate", Pragma:"no-cache", Expires:"0"]
     Content type = null
             Body = 
    Forwarded URL = null
   Redirected URL = null
          Cookies = []
]]></system-out>
  </testcase>
</testsuite>