<?xml version="1.0" encoding="UTF-8"?>
<testsuite xmlns:xsi="http://www.w3.org/2001/XMLSchema-instance" xsi:noNamespaceSchemaLocation="https://maven.apache.org/surefire/maven-surefire-plugin/xsd/surefire-test-report-3.0.xsd" version="3.0" name="edu.nu.owaspapivulnlab.AdditionalSecurityExpectationsTests" time="13.253" tests="5" errors="0" skipped="0" failures="0">
  <properties>
[...]
</properties>
  <testcase name="jwt_must_be_valid_and_aud_iss_checked" classname="edu.nu.owaspapivulnlab.AdditionalSecurityExpectationsTests" time="1.212">
    <system-out><![CDATA[18:49:57.596 [main] INFO org.springframework.test.context.support.AnnotationConfigContextLoaderUtils -- Could not detect default configuration classes for test class [edu.nu.owaspapivulnlab.AdditionalSecurityExpectationsTests]: AdditionalSecurityExpectationsTests does not declare any static, non-private, non-final, nested classes annotated with @Configuration.
18:49:57.830 [main] INFO org.springframework.boot.test.context.SpringBootTestContextBootstrapper -- Found @SpringBootConfiguration edu.nu.owaspapivulnlab.OwaspApiVulnLabApplication for test class edu.nu.owaspapivulnlab.AdditionalSecurityExpectationsTests

  .   ____          _            __ _ _
 /\\ / ___'_ __ _ _(_)_ __  __ _ \ \ \ \
( ( )\___ | '_ | '_| | '_ \/ _` | \ \ \ \
 \\/  ___)| |_)| | | | | || (_| |  ) ) ) )
  '  |____| .__|_| |_|_| |_\__, | / / / /
 =========|_|==============|___/=/_/_/_/

 :: Spring Boot ::                (v3.3.4)

2026-03-22T18:49:58.774+01:00  INFO 21808 --- [           main] .n.o.AdditionalSecurityExpectationsTests : Starting AdditionalSecurityExpectationsTests using Java 21.0.3 with PID 21808 (started by valon in C:\Users\valon\Documents\Algebra\Road to mag.ing.comp\Semestar 8\Pisanje sigurnog koda\SSD-A3)
2026-03-22T18:49:58.779+01:00  INFO 21808 --- [           main] .n.o.AdditionalSecurityExpectationsTests : No active profile set, falling back to 1 default profile: "default"
2026-03-22T18:50:00.574+01:00  INFO 21808 --- [           main] .s.d.r.c.RepositoryConfigurationDelegate : Bootstrapping Spring Data JPA repositories in DEFAULT mode.
2026-03-22T18:50:00.796+01:00  INFO 21808 --- [           main] .s.d.r.c.RepositoryConfigurationDelegate : Finished Spring Data repository scanning in 178 ms. Found 2 JPA repository interfaces.
2026-03-22T18:50:01.911+01:00  INFO 21808 --- [           main] o.hibernate.jpa.internal.util.LogHelper  : HHH000204: Processing PersistenceUnitInfo [name: default]
2026-03-22T18:50:02.082+01:00  INFO 21808 --- [           main] org.hibernate.Version                    : HHH000412: Hibernate ORM core version 6.5.3.Final
2026-03-22T18:50:02.175+01:00  INFO 21808 --- [           main] o.h.c.internal.RegionFactoryInitiator    : HHH000026: Second-level cache disabled
2026-03-22T18:50:03.008+01:00  INFO 21808 --- [           main] o.s.o.j.p.SpringPersistenceUnitInfo      : No LoadTimeWeaver setup: ignoring JPA class transformer
2026-03-22T18:50:03.078+01:00  INFO 21808 --- [           main] com.zaxxer.hikari.HikariDataSource       : HikariPool-1 - Starting...
2026-03-22T18:50:03.405+01:00  INFO 21808 --- [           main] com.zaxxer.hikari.pool.HikariPool        : HikariPool-1 - Added connection conn0: url=jdbc:h2:mem:apilab user=SA
2026-03-22T18:50:03.409+01:00  INFO 21808 --- [           main] com.zaxxer.hikari.HikariDataSource       : HikariPool-1 - Start completed.
2026-03-22T18:50:05.259+01:00  INFO 21808 --- [           main] o.h.e.t.j.p.i.JtaPlatformInitiator       : HHH000489: No JTA platform available (set 'hibernate.transaction.jta.platform' to enable JTA platform integration)
2026-03-22T18:50:05.369+01:00  INFO 21808 --- [           main] j.LocalContainerEntityManagerFactoryBean : Initialized JPA EntityManagerFactory for persistence unit 'default'
2026-03-22T18:50:06.129+01:00  INFO 21808 --- [           main] o.s.d.j.r.query.QueryEnhancerFactory     : Hibernate is in classpath; If applicable, HQL parser will be used.
2026-03-22T18:50:07.019+01:00  WARN 21808 --- [           main] JpaBaseConfiguration$JpaWebConfiguration : spring.jpa.open-in-view is enabled by default. Therefore, database queries may be performed during view rendering. Explicitly configure spring.jpa.open-in-view to disable this warning
2026-03-22T18:50:07.092+01:00  WARN 21808 --- [           main] .s.s.UserDetailsServiceAutoConfiguration : 

Using generated security password: 9512f04c-c18e-4dd2-bf9a-6379b7e533d7

This generated password is for development use only. Your security configuration must be updated before running your application in production.

2026-03-22T18:50:07.154+01:00  INFO 21808 --- [           main] r$InitializeUserDetailsManagerConfigurer : Global AuthenticationManager configured with UserDetailsService bean with name inMemoryUserDetailsManager
2026-03-22T18:50:08.401+01:00  INFO 21808 --- [           main] o.s.b.a.h2.H2ConsoleAutoConfiguration    : H2 console available at '/h2-console'. Database available at 'jdbc:h2:mem:apilab'
2026-03-22T18:50:08.611+01:00  INFO 21808 --- [           main] o.s.b.t.m.w.SpringBootMockServletContext : Initializing Spring TestDispatcherServlet ''
2026-03-22T18:50:08.613+01:00  INFO 21808 --- [           main] o.s.t.web.servlet.TestDispatcherServlet  : Initializing Servlet ''
2026-03-22T18:50:08.614+01:00  INFO 21808 --- [           main] o.s.t.web.servlet.TestDispatcherServlet  : Completed initialization in 1 ms
2026-03-22T18:50:08.651+01:00  INFO 21808 --- [           main] .n.o.AdditionalSecurityExpectationsTests : Started AdditionalSecurityExpectationsTests in 10.482 seconds (process running for 12.623)
]]></system-out>
    <system-err><![CDATA[WARNING: A Java agent has been loaded dynamically (C:\Users\valon\.m2\repository\net\bytebuddy\byte-buddy-agent\1.14.19\byte-buddy-agent-1.14.19.jar)
WARNING: If a serviceability tool is in use, please run with -XX:+EnableDynamicAgentLoading to hide this warning
WARNING: If a serviceability tool is not in use, please run with -Djdk.instrument.traceUsage for more information
WARNING: Dynamic loading of agents will be disallowed by default in a future release
]]></system-err>
  </testcase>
  <testcase name="delete_user_requires_admin" classname="edu.nu.owaspapivulnlab.AdditionalSecurityExpectationsTests" time="0.022"/>
  <testcase name="protected_endpoints_require_authentication" classname="edu.nu.owaspapivulnlab.AdditionalSecurityExpectationsTests" time="0.009"/>
  <testcase name="account_owner_only_access" classname="edu.nu.owaspapivulnlab.AdditionalSecurityExpectationsTests" time="0.017"/>
  <testcase name="create_user_does_not_allow_role_escalation" classname="edu.nu.owaspapivulnlab.AdditionalSecurityExpectationsTests" time="0.112"/>
</testsuite>